{"D:\\work\\NestJS\\ocpp2.0.1-ts-npm3\\src\\OcppClientConnection.ts": {"path":"D:\\work\\NestJS\\ocpp2.0.1-ts-npm3\\src\\OcppClientConnection.ts","statementMap":{"0":{"start":{"line":134,"column":4},"end":{"line":134,"column":27}},"1":{"start":{"line":138,"column":4},"end":{"line":138,"column":36}},"2":{"start":{"line":169,"column":4},"end":{"line":169,"column":37}},"3":{"start":{"line":213,"column":4},"end":{"line":213,"column":47}}},"fnMap":{"0":{"name":"(anonymous_0)","decl":{"start":{"line":133,"column":2},"end":{"line":133,"column":3}},"loc":{"start":{"line":133,"column":20},"end":{"line":135,"column":3}},"line":133},"1":{"name":"(anonymous_1)","decl":{"start":{"line":137,"column":2},"end":{"line":137,"column":3}},"loc":{"start":{"line":137,"column":51},"end":{"line":139,"column":3}},"line":137},"2":{"name":"(anonymous_2)","decl":{"start":{"line":168,"column":2},"end":{"line":168,"column":3}},"loc":{"start":{"line":168,"column":65},"end":{"line":170,"column":3}},"line":168},"3":{"name":"(anonymous_3)","decl":{"start":{"line":212,"column":2},"end":{"line":212,"column":3}},"loc":{"start":{"line":212,"column":59},"end":{"line":214,"column":3}},"line":212}},"branchMap":{},"s":{"0":0,"1":0,"2":0,"3":0},"f":{"0":0,"1":0,"2":0,"3":0},"b":{},"_coverageSchema":"1a1c01bbd47fc00a2c39e90264f33305004495a9","hash":"0271d5b502267616587d0a7962ca1c7725151751"}
,"D:\\work\\NestJS\\ocpp2.0.1-ts-npm3\\src\\impl\\Client.ts": {"path":"D:\\work\\NestJS\\ocpp2.0.1-ts-npm3\\src\\impl\\Client.ts","statementMap":{"0":{"start":{"line":8,"column":40},"end":{"line":8,"column":44}},"1":{"start":{"line":13,"column":4},"end":{"line":13,"column":12}},"2":{"start":{"line":14,"column":4},"end":{"line":14,"column":21}},"3":{"start":{"line":18,"column":4},"end":{"line":18,"column":21}},"4":{"start":{"line":22,"column":4},"end":{"line":22,"column":33}},"5":{"start":{"line":26,"column":4},"end":{"line":28,"column":5}},"6":{"start":{"line":27,"column":6},"end":{"line":27,"column":59}},"7":{"start":{"line":29,"column":4},"end":{"line":29,"column":70}},"8":{"start":{"line":33,"column":15},"end":{"line":37,"column":6}},"9":{"start":{"line":39,"column":4},"end":{"line":43,"column":7}},"10":{"start":{"line":40,"column":6},"end":{"line":42,"column":7}},"11":{"start":{"line":41,"column":8},"end":{"line":41,"column":96}},"12":{"start":{"line":45,"column":4},"end":{"line":48,"column":7}},"13":{"start":{"line":46,"column":6},"end":{"line":46,"column":31}},"14":{"start":{"line":47,"column":6},"end":{"line":47,"column":39}},"15":{"start":{"line":50,"column":4},"end":{"line":55,"column":7}},"16":{"start":{"line":51,"column":6},"end":{"line":54,"column":7}},"17":{"start":{"line":52,"column":8},"end":{"line":52,"column":51}},"18":{"start":{"line":53,"column":8},"end":{"line":53,"column":29}},"19":{"start":{"line":57,"column":4},"end":{"line":59,"column":7}},"20":{"start":{"line":58,"column":6},"end":{"line":58,"column":30}}},"fnMap":{"0":{"name":"(anonymous_0)","decl":{"start":{"line":12,"column":2},"end":{"line":12,"column":3}},"loc":{"start":{"line":12,"column":28},"end":{"line":15,"column":3}},"line":12},"1":{"name":"(anonymous_1)","decl":{"start":{"line":17,"column":2},"end":{"line":17,"column":3}},"loc":{"start":{"line":17,"column":30},"end":{"line":19,"column":3}},"line":17},"2":{"name":"(anonymous_2)","decl":{"start":{"line":21,"column":2},"end":{"line":21,"column":3}},"loc":{"start":{"line":21,"column":61},"end":{"line":23,"column":3}},"line":21},"3":{"name":"(anonymous_3)","decl":{"start":{"line":25,"column":2},"end":{"line":25,"column":3}},"loc":{"start":{"line":25,"column":69},"end":{"line":30,"column":3}},"line":25},"4":{"name":"(anonymous_4)","decl":{"start":{"line":32,"column":2},"end":{"line":32,"column":3}},"loc":{"start":{"line":32,"column":77},"end":{"line":60,"column":3}},"line":32},"5":{"name":"(anonymous_5)","decl":{"start":{"line":39,"column":21},"end":{"line":39,"column":22}},"loc":{"start":{"line":39,"column":30},"end":{"line":43,"column":5}},"line":39},"6":{"name":"(anonymous_6)","decl":{"start":{"line":45,"column":19},"end":{"line":45,"column":20}},"loc":{"start":{"line":45,"column":53},"end":{"line":48,"column":5}},"line":45},"7":{"name":"(anonymous_7)","decl":{"start":{"line":50,"column":18},"end":{"line":50,"column":19}},"loc":{"start":{"line":50,"column":24},"end":{"line":55,"column":5}},"line":50},"8":{"name":"(anonymous_8)","decl":{"start":{"line":57,"column":19},"end":{"line":57,"column":20}},"loc":{"start":{"line":57,"column":28},"end":{"line":59,"column":5}},"line":57}},"branchMap":{"0":{"loc":{"start":{"line":26,"column":4},"end":{"line":28,"column":5}},"type":"if","locations":[{"start":{"line":26,"column":4},"end":{"line":28,"column":5}},{"start":{},"end":{}}],"line":26},"1":{"loc":{"start":{"line":40,"column":6},"end":{"line":42,"column":7}},"type":"if","locations":[{"start":{"line":40,"column":6},"end":{"line":42,"column":7}},{"start":{},"end":{}}],"line":40},"2":{"loc":{"start":{"line":51,"column":6},"end":{"line":54,"column":7}},"type":"if","locations":[{"start":{"line":51,"column":6},"end":{"line":54,"column":7}},{"start":{},"end":{}}],"line":51}},"s":{"0":0,"1":0,"2":0,"3":0,"4":0,"5":0,"6":0,"7":0,"8":0,"9":0,"10":0,"11":0,"12":0,"13":0,"14":0,"15":0,"16":0,"17":0,"18":0,"19":0,"20":0},"f":{"0":0,"1":0,"2":0,"3":0,"4":0,"5":0,"6":0,"7":0,"8":0},"b":{"0":[0,0],"1":[0,0],"2":[0,0]},"_coverageSchema":"1a1c01bbd47fc00a2c39e90264f33305004495a9","hash":"5d6656258c52b095978a3a9b97d35e0633222401"}
,"D:\\work\\NestJS\\ocpp2.0.1-ts-npm3\\src\\impl\\OcppError.ts": {"path":"D:\\work\\NestJS\\ocpp2.0.1-ts-npm3\\src\\impl\\OcppError.ts","statementMap":{"0":{"start":{"line":2,"column":36},"end":{"line":2,"column":52}},"1":{"start":{"line":5,"column":34},"end":{"line":5,"column":48}},"2":{"start":{"line":9,"column":35},"end":{"line":9,"column":50}},"3":{"start":{"line":12,"column":35},"end":{"line":12,"column":50}},"4":{"start":{"line":16,"column":35},"end":{"line":16,"column":50}},"5":{"start":{"line":19,"column":40},"end":{"line":19,"column":60}},"6":{"start":{"line":22,"column":49},"end":{"line":22,"column":78}},"7":{"start":{"line":26,"column":50},"end":{"line":26,"column":80}},"8":{"start":{"line":30,"column":45},"end":{"line":30,"column":70}},"9":{"start":{"line":33,"column":34},"end":{"line":33,"column":48}},"10":{"start":{"line":43,"column":4},"end":{"line":43,"column":16}},"11":{"start":{"line":44,"column":4},"end":{"line":44,"column":21}},"12":{"start":{"line":45,"column":4},"end":{"line":45,"column":21}},"13":{"start":{"line":46,"column":4},"end":{"line":46,"column":27}}},"fnMap":{"0":{"name":"(anonymous_0)","decl":{"start":{"line":42,"column":2},"end":{"line":42,"column":3}},"loc":{"start":{"line":42,"column":66},"end":{"line":47,"column":3}},"line":42}},"branchMap":{},"s":{"0":2,"1":2,"2":2,"3":2,"4":2,"5":2,"6":2,"7":2,"8":2,"9":2,"10":0,"11":0,"12":0,"13":0},"f":{"0":0},"b":{},"_coverageSchema":"1a1c01bbd47fc00a2c39e90264f33305004495a9","hash":"21746f63f21786461e3228fdd80f57b5e8ef20ea"}
,"D:\\work\\NestJS\\ocpp2.0.1-ts-npm3\\src\\impl\\Protocol.ts": {"path":"D:\\work\\NestJS\\ocpp2.0.1-ts-npm3\\src\\impl\\Protocol.ts","statementMap":{"0":{"start":{"line":12,"column":21},"end":{"line":12,"column":22}},"1":{"start":{"line":13,"column":27},"end":{"line":13,"column":28}},"2":{"start":{"line":14,"column":26},"end":{"line":14,"column":27}},"3":{"start":{"line":17,"column":22},"end":{"line":17,"column":24}},"4":{"start":{"line":24,"column":4},"end":{"line":24,"column":37}},"5":{"start":{"line":25,"column":4},"end":{"line":25,"column":25}},"6":{"start":{"line":26,"column":4},"end":{"line":28,"column":7}},"7":{"start":{"line":27,"column":6},"end":{"line":27,"column":41}},"8":{"start":{"line":32,"column":4},"end":{"line":54,"column":5}},"9":{"start":{"line":33,"column":37},"end":{"line":33,"column":56}},"10":{"start":{"line":34,"column":6},"end":{"line":36,"column":7}},"11":{"start":{"line":35,"column":8},"end":{"line":35,"column":41}},"12":{"start":{"line":38,"column":6},"end":{"line":49,"column":7}},"13":{"start":{"line":39,"column":45},"end":{"line":39,"column":49}},"14":{"start":{"line":40,"column":8},"end":{"line":40,"column":48}},"15":{"start":{"line":41,"column":13},"end":{"line":49,"column":7}},"16":{"start":{"line":42,"column":37},"end":{"line":42,"column":41}},"17":{"start":{"line":43,"column":8},"end":{"line":43,"column":46}},"18":{"start":{"line":44,"column":13},"end":{"line":49,"column":7}},"19":{"start":{"line":45,"column":71},"end":{"line":45,"column":75}},"20":{"start":{"line":46,"column":8},"end":{"line":46,"column":79}},"21":{"start":{"line":48,"column":8},"end":{"line":48,"column":41}},"22":{"start":{"line":51,"column":6},"end":{"line":53,"column":7}},"23":{"start":{"line":52,"column":8},"end":{"line":52,"column":35}},"24":{"start":{"line":58,"column":4},"end":{"line":79,"column":7}},"25":{"start":{"line":59,"column":6},"end":{"line":78,"column":7}},"26":{"start":{"line":60,"column":26},"end":{"line":60,"column":34}},"27":{"start":{"line":61,"column":23},"end":{"line":64,"column":19}},"28":{"start":{"line":65,"column":8},"end":{"line":65,"column":33}},"29":{"start":{"line":66,"column":8},"end":{"line":69,"column":10}},"30":{"start":{"line":71,"column":8},"end":{"line":74,"column":18}},"31":{"start":{"line":73,"column":10},"end":{"line":73,"column":94}},"32":{"start":{"line":76,"column":8},"end":{"line":76,"column":25}},"33":{"start":{"line":77,"column":8},"end":{"line":77,"column":18}},"34":{"start":{"line":83,"column":4},"end":{"line":92,"column":5}},"35":{"start":{"line":84,"column":21},"end":{"line":88,"column":29}},"36":{"start":{"line":89,"column":6},"end":{"line":89,"column":31}},"37":{"start":{"line":91,"column":6},"end":{"line":91,"column":23}},"38":{"start":{"line":101,"column":4},"end":{"line":107,"column":5}},"39":{"start":{"line":102,"column":25},"end":{"line":102,"column":53}},"40":{"start":{"line":103,"column":6},"end":{"line":105,"column":7}},"41":{"start":{"line":104,"column":8},"end":{"line":104,"column":73}},"42":{"start":{"line":106,"column":6},"end":{"line":106,"column":42}},"43":{"start":{"line":111,"column":4},"end":{"line":117,"column":5}},"44":{"start":{"line":112,"column":26},"end":{"line":112,"column":54}},"45":{"start":{"line":113,"column":6},"end":{"line":115,"column":7}},"46":{"start":{"line":114,"column":8},"end":{"line":114,"column":25}},"47":{"start":{"line":116,"column":6},"end":{"line":116,"column":42}},"48":{"start":{"line":121,"column":4},"end":{"line":153,"column":5}},"49":{"start":{"line":123,"column":21},"end":{"line":123,"column":37}},"50":{"start":{"line":125,"column":24},"end":{"line":125,"column":51}},"51":{"start":{"line":126,"column":6},"end":{"line":126,"column":34}},"52":{"start":{"line":127,"column":23},"end":{"line":139,"column":8}},"53":{"start":{"line":128,"column":8},"end":{"line":131,"column":18}},"54":{"start":{"line":130,"column":10},"end":{"line":130,"column":85}},"55":{"start":{"line":133,"column":28},"end":{"line":135,"column":10}},"56":{"start":{"line":134,"column":10},"end":{"line":134,"column":26}},"57":{"start":{"line":136,"column":8},"end":{"line":138,"column":9}},"58":{"start":{"line":137,"column":10},"end":{"line":137,"column":98}},"59":{"start":{"line":140,"column":6},"end":{"line":140,"column":52}},"60":{"start":{"line":142,"column":6},"end":{"line":152,"column":7}},"61":{"start":{"line":143,"column":8},"end":{"line":143,"column":37}},"62":{"start":{"line":145,"column":8},"end":{"line":151,"column":10}},"63":{"start":{"line":157,"column":4},"end":{"line":168,"column":5}},"64":{"start":{"line":158,"column":21},"end":{"line":161,"column":25}},"65":{"start":{"line":162,"column":6},"end":{"line":162,"column":31}},"66":{"start":{"line":164,"column":6},"end":{"line":167,"column":7}},"67":{"start":{"line":165,"column":8},"end":{"line":165,"column":101}},"68":{"start":{"line":166,"column":8},"end":{"line":166,"column":33}}},"fnMap":{"0":{"name":"(anonymous_0)","decl":{"start":{"line":23,"column":2},"end":{"line":23,"column":3}},"loc":{"start":{"line":23,"column":61},"end":{"line":29,"column":3}},"line":23},"1":{"name":"(anonymous_1)","decl":{"start":{"line":26,"column":30},"end":{"line":26,"column":31}},"loc":{"start":{"line":26,"column":43},"end":{"line":28,"column":5}},"line":26},"2":{"name":"(anonymous_2)","decl":{"start":{"line":31,"column":2},"end":{"line":31,"column":3}},"loc":{"start":{"line":31,"column":29},"end":{"line":55,"column":3}},"line":31},"3":{"name":"(anonymous_3)","decl":{"start":{"line":57,"column":2},"end":{"line":57,"column":3}},"loc":{"start":{"line":57,"column":66},"end":{"line":80,"column":3}},"line":57},"4":{"name":"(anonymous_4)","decl":{"start":{"line":58,"column":23},"end":{"line":58,"column":24}},"loc":{"start":{"line":58,"column":44},"end":{"line":79,"column":5}},"line":58},"5":{"name":"(anonymous_5)","decl":{"start":{"line":71,"column":19},"end":{"line":71,"column":20}},"loc":{"start":{"line":71,"column":25},"end":{"line":74,"column":9}},"line":71},"6":{"name":"(anonymous_6)","decl":{"start":{"line":82,"column":2},"end":{"line":82,"column":3}},"loc":{"start":{"line":82,"column":57},"end":{"line":93,"column":3}},"line":82},"7":{"name":"(anonymous_7)","decl":{"start":{"line":95,"column":2},"end":{"line":95,"column":3}},"loc":{"start":{"line":100,"column":4},"end":{"line":108,"column":3}},"line":100},"8":{"name":"(anonymous_8)","decl":{"start":{"line":110,"column":2},"end":{"line":110,"column":3}},"loc":{"start":{"line":110,"column":56},"end":{"line":118,"column":3}},"line":110},"9":{"name":"(anonymous_9)","decl":{"start":{"line":120,"column":2},"end":{"line":120,"column":3}},"loc":{"start":{"line":120,"column":73},"end":{"line":154,"column":3}},"line":120},"10":{"name":"(anonymous_10)","decl":{"start":{"line":127,"column":41},"end":{"line":127,"column":42}},"loc":{"start":{"line":127,"column":62},"end":{"line":139,"column":7}},"line":127},"11":{"name":"(anonymous_11)","decl":{"start":{"line":128,"column":19},"end":{"line":128,"column":20}},"loc":{"start":{"line":128,"column":25},"end":{"line":131,"column":9}},"line":128},"12":{"name":"(anonymous_12)","decl":{"start":{"line":133,"column":69},"end":{"line":133,"column":70}},"loc":{"start":{"line":133,"column":86},"end":{"line":135,"column":9}},"line":133},"13":{"name":"(anonymous_13)","decl":{"start":{"line":156,"column":2},"end":{"line":156,"column":3}},"loc":{"start":{"line":156,"column":78},"end":{"line":169,"column":3}},"line":156}},"branchMap":{"0":{"loc":{"start":{"line":34,"column":6},"end":{"line":36,"column":7}},"type":"if","locations":[{"start":{"line":34,"column":6},"end":{"line":36,"column":7}},{"start":{},"end":{}}],"line":34},"1":{"loc":{"start":{"line":38,"column":6},"end":{"line":49,"column":7}},"type":"if","locations":[{"start":{"line":38,"column":6},"end":{"line":49,"column":7}},{"start":{"line":41,"column":13},"end":{"line":49,"column":7}}],"line":38},"2":{"loc":{"start":{"line":38,"column":10},"end":{"line":38,"column":59}},"type":"binary-expr","locations":[{"start":{"line":38,"column":10},"end":{"line":38,"column":38}},{"start":{"line":38,"column":42},"end":{"line":38,"column":59}}],"line":38},"3":{"loc":{"start":{"line":41,"column":13},"end":{"line":49,"column":7}},"type":"if","locations":[{"start":{"line":41,"column":13},"end":{"line":49,"column":7}},{"start":{"line":44,"column":13},"end":{"line":49,"column":7}}],"line":41},"4":{"loc":{"start":{"line":41,"column":17},"end":{"line":41,"column":72}},"type":"binary-expr","locations":[{"start":{"line":41,"column":17},"end":{"line":41,"column":51}},{"start":{"line":41,"column":55},"end":{"line":41,"column":72}}],"line":41},"5":{"loc":{"start":{"line":44,"column":13},"end":{"line":49,"column":7}},"type":"if","locations":[{"start":{"line":44,"column":13},"end":{"line":49,"column":7}},{"start":{"line":47,"column":13},"end":{"line":49,"column":7}}],"line":44},"6":{"loc":{"start":{"line":44,"column":17},"end":{"line":44,"column":71}},"type":"binary-expr","locations":[{"start":{"line":44,"column":17},"end":{"line":44,"column":50}},{"start":{"line":44,"column":54},"end":{"line":44,"column":71}}],"line":44},"7":{"loc":{"start":{"line":51,"column":6},"end":{"line":53,"column":7}},"type":"if","locations":[{"start":{"line":51,"column":6},"end":{"line":53,"column":7}},{"start":{},"end":{}}],"line":51},"8":{"loc":{"start":{"line":51,"column":10},"end":{"line":51,"column":60}},"type":"binary-expr","locations":[{"start":{"line":51,"column":10},"end":{"line":51,"column":36}},{"start":{"line":51,"column":40},"end":{"line":51,"column":60}}],"line":51},"9":{"loc":{"start":{"line":88,"column":8},"end":{"line":88,"column":27}},"type":"binary-expr","locations":[{"start":{"line":88,"column":8},"end":{"line":88,"column":21}},{"start":{"line":88,"column":25},"end":{"line":88,"column":27}}],"line":88},"10":{"loc":{"start":{"line":101,"column":4},"end":{"line":107,"column":5}},"type":"if","locations":[{"start":{"line":101,"column":4},"end":{"line":107,"column":5}},{"start":{},"end":{}}],"line":101},"11":{"loc":{"start":{"line":103,"column":6},"end":{"line":105,"column":7}},"type":"if","locations":[{"start":{"line":103,"column":6},"end":{"line":105,"column":7}},{"start":{},"end":{}}],"line":103},"12":{"loc":{"start":{"line":111,"column":4},"end":{"line":117,"column":5}},"type":"if","locations":[{"start":{"line":111,"column":4},"end":{"line":117,"column":5}},{"start":{},"end":{}}],"line":111},"13":{"loc":{"start":{"line":113,"column":6},"end":{"line":115,"column":7}},"type":"if","locations":[{"start":{"line":113,"column":6},"end":{"line":115,"column":7}},{"start":{},"end":{}}],"line":113},"14":{"loc":{"start":{"line":136,"column":8},"end":{"line":138,"column":9}},"type":"if","locations":[{"start":{"line":136,"column":8},"end":{"line":138,"column":9}},{"start":{},"end":{}}],"line":136},"15":{"loc":{"start":{"line":142,"column":6},"end":{"line":152,"column":7}},"type":"if","locations":[{"start":{"line":142,"column":6},"end":{"line":152,"column":7}},{"start":{"line":144,"column":13},"end":{"line":152,"column":7}}],"line":142},"16":{"loc":{"start":{"line":164,"column":6},"end":{"line":167,"column":7}},"type":"if","locations":[{"start":{"line":164,"column":6},"end":{"line":167,"column":7}},{"start":{},"end":{}}],"line":164}},"s":{"0":1,"1":1,"2":1,"3":0,"4":0,"5":0,"6":0,"7":0,"8":0,"9":0,"10":0,"11":0,"12":0,"13":0,"14":0,"15":0,"16":0,"17":0,"18":0,"19":0,"20":0,"21":0,"22":0,"23":0,"24":0,"25":0,"26":0,"27":0,"28":0,"29":0,"30":0,"31":0,"32":0,"33":0,"34":0,"35":0,"36":0,"37":0,"38":0,"39":0,"40":0,"41":0,"42":0,"43":0,"44":0,"45":0,"46":0,"47":0,"48":0,"49":0,"50":0,"51":0,"52":0,"53":0,"54":0,"55":0,"56":0,"57":0,"58":0,"59":0,"60":0,"61":0,"62":0,"63":0,"64":0,"65":0,"66":0,"67":0,"68":0},"f":{"0":0,"1":0,"2":0,"3":0,"4":0,"5":0,"6":0,"7":0,"8":0,"9":0,"10":0,"11":0,"12":0,"13":0},"b":{"0":[0,0],"1":[0,0],"2":[0,0],"3":[0,0],"4":[0,0],"5":[0,0],"6":[0,0],"7":[0,0],"8":[0,0],"9":[0,0],"10":[0,0],"11":[0,0],"12":[0,0],"13":[0,0],"14":[0,0],"15":[0,0],"16":[0,0]},"_coverageSchema":"1a1c01bbd47fc00a2c39e90264f33305004495a9","hash":"5b3325cf8a219986ff123ba3f8dcce8c3c8f1629"}
,"D:\\work\\NestJS\\ocpp2.0.1-ts-npm3\\src\\impl\\SchemaValidator.ts": {"path":"D:\\work\\NestJS\\ocpp2.0.1-ts-npm3\\src\\impl\\SchemaValidator.ts","statementMap":{"0":{"start":{"line":14,"column":4},"end":{"line":14,"column":25}},"1":{"start":{"line":15,"column":4},"end":{"line":15,"column":31}},"2":{"start":{"line":22,"column":4},"end":{"line":24,"column":5}},"3":{"start":{"line":23,"column":6},"end":{"line":23,"column":79}},"4":{"start":{"line":25,"column":16},"end":{"line":25,"column":25}},"5":{"start":{"line":27,"column":21},"end":{"line":27,"column":45}},"6":{"start":{"line":28,"column":18},"end":{"line":28,"column":35}},"7":{"start":{"line":29,"column":4},"end":{"line":68,"column":5}},"8":{"start":{"line":30,"column":6},"end":{"line":63,"column":9}},"9":{"start":{"line":31,"column":8},"end":{"line":62,"column":9}},"10":{"start":{"line":32,"column":10},"end":{"line":37,"column":12}},"11":{"start":{"line":38,"column":15},"end":{"line":62,"column":9}},"12":{"start":{"line":39,"column":10},"end":{"line":43,"column":12}},"13":{"start":{"line":44,"column":15},"end":{"line":62,"column":9}},"14":{"start":{"line":45,"column":10},"end":{"line":49,"column":12}},"15":{"start":{"line":50,"column":15},"end":{"line":62,"column":9}},"16":{"start":{"line":51,"column":10},"end":{"line":55,"column":12}},"17":{"start":{"line":57,"column":10},"end":{"line":61,"column":12}},"18":{"start":{"line":64,"column":6},"end":{"line":67,"column":8}}},"fnMap":{"0":{"name":"(anonymous_0)","decl":{"start":{"line":13,"column":2},"end":{"line":13,"column":3}},"loc":{"start":{"line":13,"column":30},"end":{"line":16,"column":3}},"line":13},"1":{"name":"(anonymous_1)","decl":{"start":{"line":21,"column":2},"end":{"line":21,"column":3}},"loc":{"start":{"line":21,"column":31},"end":{"line":69,"column":3}},"line":21},"2":{"name":"(anonymous_2)","decl":{"start":{"line":30,"column":31},"end":{"line":30,"column":32}},"loc":{"start":{"line":30,"column":42},"end":{"line":63,"column":7}},"line":30}},"branchMap":{"0":{"loc":{"start":{"line":22,"column":4},"end":{"line":24,"column":5}},"type":"if","locations":[{"start":{"line":22,"column":4},"end":{"line":24,"column":5}},{"start":{},"end":{}}],"line":22},"1":{"loc":{"start":{"line":29,"column":4},"end":{"line":68,"column":5}},"type":"if","locations":[{"start":{"line":29,"column":4},"end":{"line":68,"column":5}},{"start":{},"end":{}}],"line":29},"2":{"loc":{"start":{"line":31,"column":8},"end":{"line":62,"column":9}},"type":"if","locations":[{"start":{"line":31,"column":8},"end":{"line":62,"column":9}},{"start":{"line":38,"column":15},"end":{"line":62,"column":9}}],"line":31},"3":{"loc":{"start":{"line":38,"column":15},"end":{"line":62,"column":9}},"type":"if","locations":[{"start":{"line":38,"column":15},"end":{"line":62,"column":9}},{"start":{"line":44,"column":15},"end":{"line":62,"column":9}}],"line":38},"4":{"loc":{"start":{"line":44,"column":15},"end":{"line":62,"column":9}},"type":"if","locations":[{"start":{"line":44,"column":15},"end":{"line":62,"column":9}},{"start":{"line":50,"column":15},"end":{"line":62,"column":9}}],"line":44},"5":{"loc":{"start":{"line":50,"column":15},"end":{"line":62,"column":9}},"type":"if","locations":[{"start":{"line":50,"column":15},"end":{"line":62,"column":9}},{"start":{"line":56,"column":15},"end":{"line":62,"column":9}}],"line":50}},"s":{"0":5,"1":5,"2":5,"3":0,"4":5,"5":5,"6":0,"7":0,"8":0,"9":0,"10":0,"11":0,"12":0,"13":0,"14":0,"15":0,"16":0,"17":0,"18":0},"f":{"0":5,"1":5,"2":0},"b":{"0":[0,5],"1":[0,0],"2":[0,0],"3":[0,0],"4":[0,0],"5":[0,0]},"_coverageSchema":"1a1c01bbd47fc00a2c39e90264f33305004495a9","hash":"867686ed050b148819546322bdccea0efd21e084"}
,"D:\\work\\NestJS\\ocpp2.0.1-ts-npm3\\src\\impl\\Server.ts": {"path":"D:\\work\\NestJS\\ocpp2.0.1-ts-npm3\\src\\impl\\Server.ts","statementMap":{"0":{"start":{"line":13,"column":44},"end":{"line":13,"column":48}},"1":{"start":{"line":15,"column":35},"end":{"line":15,"column":37}},"2":{"start":{"line":19,"column":4},"end":{"line":23,"column":5}},"3":{"start":{"line":20,"column":6},"end":{"line":20,"column":48}},"4":{"start":{"line":22,"column":6},"end":{"line":22,"column":34}},"5":{"start":{"line":25,"column":16},"end":{"line":33,"column":6}},"6":{"start":{"line":28,"column":8},"end":{"line":30,"column":9}},"7":{"start":{"line":29,"column":10},"end":{"line":29,"column":37}},"8":{"start":{"line":31,"column":8},"end":{"line":31,"column":21}},"9":{"start":{"line":35,"column":4},"end":{"line":35,"column":69}},"10":{"start":{"line":35,"column":38},"end":{"line":35,"column":67}},"11":{"start":{"line":37,"column":4},"end":{"line":58,"column":7}},"12":{"start":{"line":38,"column":19},"end":{"line":38,"column":49}},"13":{"start":{"line":39,"column":6},"end":{"line":57,"column":7}},"14":{"start":{"line":40,"column":8},"end":{"line":40,"column":57}},"15":{"start":{"line":41,"column":8},"end":{"line":41,"column":25}},"16":{"start":{"line":42,"column":13},"end":{"line":57,"column":7}},"17":{"start":{"line":43,"column":8},"end":{"line":52,"column":11}},"18":{"start":{"line":44,"column":10},"end":{"line":51,"column":11}},"19":{"start":{"line":45,"column":12},"end":{"line":45,"column":62}},"20":{"start":{"line":46,"column":12},"end":{"line":46,"column":29}},"21":{"start":{"line":48,"column":12},"end":{"line":50,"column":15}},"22":{"start":{"line":49,"column":14},"end":{"line":49,"column":46}},"23":{"start":{"line":54,"column":8},"end":{"line":56,"column":11}},"24":{"start":{"line":55,"column":10},"end":{"line":55,"column":42}},"25":{"start":{"line":60,"column":4},"end":{"line":60,"column":24}},"26":{"start":{"line":64,"column":17},"end":{"line":64,"column":47}},"27":{"start":{"line":65,"column":4},"end":{"line":72,"column":5}},"28":{"start":{"line":69,"column":6},"end":{"line":69,"column":68}},"29":{"start":{"line":70,"column":6},"end":{"line":70,"column":21}},"30":{"start":{"line":71,"column":6},"end":{"line":71,"column":13}},"31":{"start":{"line":74,"column":19},"end":{"line":74,"column":49}},"32":{"start":{"line":75,"column":4},"end":{"line":75,"column":55}},"33":{"start":{"line":77,"column":4},"end":{"line":80,"column":7}},"34":{"start":{"line":78,"column":6},"end":{"line":78,"column":51}},"35":{"start":{"line":79,"column":6},"end":{"line":79,"column":32}},"36":{"start":{"line":82,"column":4},"end":{"line":87,"column":7}},"37":{"start":{"line":83,"column":20},"end":{"line":83,"column":48}},"38":{"start":{"line":84,"column":6},"end":{"line":84,"column":36}},"39":{"start":{"line":85,"column":6},"end":{"line":85,"column":41}},"40":{"start":{"line":88,"column":4},"end":{"line":88,"column":30}},"41":{"start":{"line":89,"column":4},"end":{"line":89,"column":36}},"42":{"start":{"line":93,"column":4},"end":{"line":103,"column":5}},"43":{"start":{"line":94,"column":6},"end":{"line":100,"column":7}},"44":{"start":{"line":95,"column":28},"end":{"line":96,"column":14}},"45":{"start":{"line":97,"column":8},"end":{"line":99,"column":9}},"46":{"start":{"line":98,"column":10},"end":{"line":98,"column":54}},"47":{"start":{"line":102,"column":6},"end":{"line":102,"column":23}},"48":{"start":{"line":104,"column":4},"end":{"line":104,"column":21}}},"fnMap":{"0":{"name":"(anonymous_0)","decl":{"start":{"line":17,"column":2},"end":{"line":17,"column":3}},"loc":{"start":{"line":17,"column":64},"end":{"line":61,"column":3}},"line":17},"1":{"name":"(anonymous_1)","decl":{"start":{"line":27,"column":23},"end":{"line":27,"column":24}},"loc":{"start":{"line":27,"column":51},"end":{"line":32,"column":7}},"line":27},"2":{"name":"(anonymous_2)","decl":{"start":{"line":35,"column":25},"end":{"line":35,"column":26}},"loc":{"start":{"line":35,"column":38},"end":{"line":35,"column":67}},"line":35},"3":{"name":"(anonymous_3)","decl":{"start":{"line":37,"column":25},"end":{"line":37,"column":26}},"loc":{"start":{"line":37,"column":88},"end":{"line":58,"column":5}},"line":37},"4":{"name":"(anonymous_4)","decl":{"start":{"line":43,"column":46},"end":{"line":43,"column":47}},"loc":{"start":{"line":43,"column":63},"end":{"line":52,"column":9}},"line":43},"5":{"name":"(anonymous_5)","decl":{"start":{"line":48,"column":49},"end":{"line":48,"column":50}},"loc":{"start":{"line":48,"column":57},"end":{"line":50,"column":13}},"line":48},"6":{"name":"(anonymous_6)","decl":{"start":{"line":54,"column":45},"end":{"line":54,"column":46}},"loc":{"start":{"line":54,"column":53},"end":{"line":56,"column":9}},"line":54},"7":{"name":"(anonymous_7)","decl":{"start":{"line":63,"column":2},"end":{"line":63,"column":3}},"loc":{"start":{"line":63,"column":67},"end":{"line":90,"column":3}},"line":63},"8":{"name":"(anonymous_8)","decl":{"start":{"line":77,"column":23},"end":{"line":77,"column":24}},"loc":{"start":{"line":77,"column":32},"end":{"line":80,"column":5}},"line":77},"9":{"name":"(anonymous_9)","decl":{"start":{"line":82,"column":23},"end":{"line":82,"column":24}},"loc":{"start":{"line":82,"column":57},"end":{"line":87,"column":5}},"line":82},"10":{"name":"(anonymous_10)","decl":{"start":{"line":92,"column":2},"end":{"line":92,"column":3}},"loc":{"start":{"line":92,"column":69},"end":{"line":105,"column":3}},"line":92}},"branchMap":{"0":{"loc":{"start":{"line":17,"column":19},"end":{"line":17,"column":30}},"type":"default-arg","locations":[{"start":{"line":17,"column":26},"end":{"line":17,"column":30}}],"line":17},"1":{"loc":{"start":{"line":19,"column":4},"end":{"line":23,"column":5}},"type":"if","locations":[{"start":{"line":19,"column":4},"end":{"line":23,"column":5}},{"start":{"line":21,"column":11},"end":{"line":23,"column":5}}],"line":19},"2":{"loc":{"start":{"line":20,"column":33},"end":{"line":20,"column":46}},"type":"binary-expr","locations":[{"start":{"line":20,"column":33},"end":{"line":20,"column":40}},{"start":{"line":20,"column":44},"end":{"line":20,"column":46}}],"line":20},"3":{"loc":{"start":{"line":28,"column":8},"end":{"line":30,"column":9}},"type":"if","locations":[{"start":{"line":28,"column":8},"end":{"line":30,"column":9}},{"start":{},"end":{}}],"line":28},"4":{"loc":{"start":{"line":39,"column":6},"end":{"line":57,"column":7}},"type":"if","locations":[{"start":{"line":39,"column":6},"end":{"line":57,"column":7}},{"start":{"line":42,"column":13},"end":{"line":57,"column":7}}],"line":39},"5":{"loc":{"start":{"line":42,"column":13},"end":{"line":57,"column":7}},"type":"if","locations":[{"start":{"line":42,"column":13},"end":{"line":57,"column":7}},{"start":{"line":53,"column":13},"end":{"line":57,"column":7}}],"line":42},"6":{"loc":{"start":{"line":44,"column":10},"end":{"line":51,"column":11}},"type":"if","locations":[{"start":{"line":44,"column":10},"end":{"line":51,"column":11}},{"start":{"line":47,"column":17},"end":{"line":51,"column":11}}],"line":44},"7":{"loc":{"start":{"line":65,"column":4},"end":{"line":72,"column":5}},"type":"if","locations":[{"start":{"line":65,"column":4},"end":{"line":72,"column":5}},{"start":{},"end":{}}],"line":65},"8":{"loc":{"start":{"line":65,"column":8},"end":{"line":65,"column":33}},"type":"binary-expr","locations":[{"start":{"line":65,"column":8},"end":{"line":65,"column":24}},{"start":{"line":65,"column":28},"end":{"line":65,"column":33}}],"line":65},"9":{"loc":{"start":{"line":94,"column":6},"end":{"line":100,"column":7}},"type":"if","locations":[{"start":{"line":94,"column":6},"end":{"line":100,"column":7}},{"start":{},"end":{}}],"line":94},"10":{"loc":{"start":{"line":97,"column":8},"end":{"line":99,"column":9}},"type":"if","locations":[{"start":{"line":97,"column":8},"end":{"line":99,"column":9}},{"start":{},"end":{}}],"line":97}},"s":{"0":0,"1":0,"2":0,"3":0,"4":0,"5":0,"6":0,"7":0,"8":0,"9":0,"10":0,"11":0,"12":0,"13":0,"14":0,"15":0,"16":0,"17":0,"18":0,"19":0,"20":0,"21":0,"22":0,"23":0,"24":0,"25":0,"26":0,"27":0,"28":0,"29":0,"30":0,"31":0,"32":0,"33":0,"34":0,"35":0,"36":0,"37":0,"38":0,"39":0,"40":0,"41":0,"42":4,"43":4,"44":3,"45":3,"46":3,"47":0,"48":1},"f":{"0":0,"1":0,"2":0,"3":0,"4":0,"5":0,"6":0,"7":0,"8":0,"9":0,"10":4},"b":{"0":[0],"1":[0,0],"2":[0,0],"3":[0,0],"4":[0,0],"5":[0,0],"6":[0,0],"7":[0,0],"8":[0,0],"9":[3,1],"10":[3,0]},"_coverageSchema":"1a1c01bbd47fc00a2c39e90264f33305004495a9","hash":"5d14ae176a7a37517a46ebf36b2eea2040dc7a05"}
,"D:\\work\\NestJS\\ocpp2.0.1-ts-npm3\\src\\impl\\schemas.ts": {"path":"D:\\work\\NestJS\\ocpp2.0.1-ts-npm3\\src\\impl\\schemas.ts","statementMap":{"0":{"start":{"line":262,"column":35},"end":{"line":262,"column":46}}},"fnMap":{},"branchMap":{},"s":{"0":1},"f":{},"b":{},"_coverageSchema":"1a1c01bbd47fc00a2c39e90264f33305004495a9","hash":"95db629ec0877ce83894f54ce663f6ba447b4f04"}
}
